{
  "RSpec": {
    "coverage": {
      "C:/Users/DELL/Desktop/openSource/puppals/app/channels/application_cable/channel.rb": {
        "lines": [
          0,
          0,
          0,
          0
        ],
        "branches": {
        }
      },
      "C:/Users/DELL/Desktop/openSource/puppals/app/channels/application_cable/connection.rb": {
        "lines": [
          0,
          0,
          0,
          0
        ],
        "branches": {
        }
      },
      "C:/Users/DELL/Desktop/openSource/puppals/app/components/nav_bar_component.rb": {
        "lines": [
          null,
          null,
          0,
          0,
          0,
          0,
          null,
          0,
          0
        ],
        "branches": {
        }
      },
      "C:/Users/DELL/Desktop/openSource/puppals/app/controllers/application_controller.rb": {
        "lines": [
          0,
          0,
          0,
          0,
          null,
          0,
          0,
          null,
          0,
          null,
          0,
          0,
          0
        ],
        "branches": {
        }
      },
      "C:/Users/DELL/Desktop/openSource/puppals/app/controllers/feeds_controller.rb": {
        "lines": [
          0,
          0,
          0,
          0
        ],
        "branches": {
        }
      },
      "C:/Users/DELL/Desktop/openSource/puppals/app/controllers/pages_controller.rb": {
        "lines": [
          0,
          0,
          null,
          0,
          0,
          0,
          0
        ],
        "branches": {
        }
      },
      "C:/Users/DELL/Desktop/openSource/puppals/app/controllers/profiles_controller.rb": {
        "lines": [
          0,
          0,
          0,
          0,
          null,
          null,
          0,
          0
        ],
        "branches": {
        }
      },
      "C:/Users/DELL/Desktop/openSource/puppals/app/helpers/application_helper.rb": {
        "lines": [
          0,
          0
        ],
        "branches": {
        }
      },
      "C:/Users/DELL/Desktop/openSource/puppals/app/helpers/feed_helper.rb": {
        "lines": [
          0,
          0
        ],
        "branches": {
        }
      },
      "C:/Users/DELL/Desktop/openSource/puppals/app/jobs/application_job.rb": {
        "lines": [
          0,
          null,
          null,
          null,
          null,
          null,
          0
        ],
        "branches": {
        }
      },
      "C:/Users/DELL/Desktop/openSource/puppals/app/mailers/application_mailer.rb": {
        "lines": [
          0,
          0,
          0,
          0
        ],
        "branches": {
        }
      },
      "C:/Users/DELL/Desktop/openSource/puppals/app/models/application_record.rb": {
        "lines": [
          0,
          0,
          0
        ],
        "branches": {
        }
      },
      "C:/Users/DELL/Desktop/openSource/puppals/app/models/dog.rb": {
        "lines": [
          0,
          0
        ],
        "branches": {
        }
      },
      "C:/Users/DELL/Desktop/openSource/puppals/app/models/profile.rb": {
        "lines": [
          0,
          0,
          0
        ],
        "branches": {
        }
      },
      "C:/Users/DELL/Desktop/openSource/puppals/app/models/user.rb": {
        "lines": [
          0,
          0,
          null,
          null,
          0,
          0,
          0
        ],
        "branches": {
        }
      }
    },
    "timestamp": 1715685118
  }
}
